[2022-06-27 03:41:07,431: INFO: stage_01_prepare_data]: 
********************
[2022-06-27 03:41:07,471: INFO: stage_01_prepare_data]: >>>>> stage STAGE_NAME started <<<<<
[2022-06-27 03:41:07,478: INFO: common]: yaml file: configs/config.yaml loaded successfully
[2022-06-27 03:41:07,480: INFO: common]: yaml file: params.yaml loaded successfully
[2022-06-27 03:41:07,480: INFO: stage_01_prepare_data]: >>>>> stage STAGE_NAME completed!<<<<<

[2022-06-27 04:55:06,788: INFO: stage_01_prepare_data]: 
********************
[2022-06-27 04:55:06,788: INFO: stage_01_prepare_data]: >>>>> stage Prepare_data started <<<<<
[2022-06-27 04:55:06,795: INFO: common]: yaml file: configs/config.yaml loaded successfully
[2022-06-27 04:55:06,797: INFO: common]: yaml file: params.yaml loaded successfully
[2022-06-27 04:55:06,797: ERROR: stage_01_prepare_data]: 'soure_data'
Traceback (most recent call last):
  File "src/stage_01_prepare_data.py", line 58, in <module>
    main(config_path=parsed_args.config, params_path=parsed_args.params)
  File "src/stage_01_prepare_data.py", line 26, in main
    source_data_dir = config["soure_data"]["data_dir"]
KeyError: 'soure_data'
[2022-06-27 04:56:30,425: INFO: stage_01_prepare_data]: 
********************
[2022-06-27 04:56:30,425: INFO: stage_01_prepare_data]: >>>>> stage Prepare_data started <<<<<
[2022-06-27 04:56:30,433: INFO: common]: yaml file: configs/config.yaml loaded successfully
[2022-06-27 04:56:30,435: INFO: common]: yaml file: params.yaml loaded successfully
[2022-06-27 04:56:30,437: INFO: common]: created directory at: artifacts\prepated
[2022-06-27 04:56:30,438: ERROR: stage_01_prepare_data]: name 'train_data_path' is not defined
Traceback (most recent call last):
  File "src/stage_01_prepare_data.py", line 58, in <module>
    main(config_path=parsed_args.config, params_path=parsed_args.params)
  File "src/stage_01_prepare_data.py", line 44, in main
    with open(train_data_path, "w", encoding = encode) as fd_out_train: # writing training data
NameError: name 'train_data_path' is not defined
[2022-06-27 04:57:31,449: INFO: stage_01_prepare_data]: 
********************
[2022-06-27 04:57:31,449: INFO: stage_01_prepare_data]: >>>>> stage Prepare_data started <<<<<
[2022-06-27 04:57:31,456: INFO: common]: yaml file: configs/config.yaml loaded successfully
[2022-06-27 04:57:31,458: INFO: common]: yaml file: params.yaml loaded successfully
[2022-06-27 04:57:31,460: INFO: common]: created directory at: artifacts\prepated
[2022-06-27 04:57:31,462: ERROR: stage_01_prepare_data]: name 'target_tag' is not defined
Traceback (most recent call last):
  File "src/stage_01_prepare_data.py", line 58, in <module>
    main(config_path=parsed_args.config, params_path=parsed_args.params)
  File "src/stage_01_prepare_data.py", line 46, in main
    process_posts(fd_in, fd_out_train, fd_out_test, target_tag, split )
NameError: name 'target_tag' is not defined
[2022-06-27 04:58:01,637: INFO: stage_01_prepare_data]: 
********************
[2022-06-27 04:58:01,638: INFO: stage_01_prepare_data]: >>>>> stage Prepare_data started <<<<<
[2022-06-27 04:58:01,648: INFO: common]: yaml file: configs/config.yaml loaded successfully
[2022-06-27 04:58:01,651: INFO: common]: yaml file: params.yaml loaded successfully
[2022-06-27 04:58:01,651: INFO: common]: created directory at: artifacts\prepated
[2022-06-27 04:58:01,653: ERROR: stage_01_prepare_data]: name 'tag' is not defined
Traceback (most recent call last):
  File "src/stage_01_prepare_data.py", line 58, in <module>
    main(config_path=parsed_args.config, params_path=parsed_args.params)
  File "src/stage_01_prepare_data.py", line 46, in main
    process_posts(fd_in, fd_out_train, fd_out_test, tag, split)
NameError: name 'tag' is not defined
[2022-06-27 04:59:58,052: INFO: stage_01_prepare_data]: 
********************
[2022-06-27 04:59:58,064: INFO: stage_01_prepare_data]: >>>>> stage Prepare_data started <<<<<
[2022-06-27 04:59:58,071: INFO: common]: yaml file: configs/config.yaml loaded successfully
[2022-06-27 04:59:58,073: INFO: common]: yaml file: params.yaml loaded successfully
[2022-06-27 04:59:58,074: INFO: common]: created directory at: artifacts\prepated
[2022-06-27 04:59:58,075: ERROR: stage_01_prepare_data]: name 'tag' is not defined
Traceback (most recent call last):
  File "src/stage_01_prepare_data.py", line 58, in <module>
    main(config_path=parsed_args.config, params_path=parsed_args.params)
  File "src/stage_01_prepare_data.py", line 46, in main
    process_posts(fd_in, fd_out_train, fd_out_test, tag, split)
NameError: name 'tag' is not defined
[2022-06-27 05:02:52,794: INFO: stage_01_prepare_data]: 
********************
[2022-06-27 05:02:52,794: INFO: stage_01_prepare_data]: >>>>> stage Prepare_data started <<<<<
[2022-06-27 05:02:52,806: INFO: common]: yaml file: configs/config.yaml loaded successfully
[2022-06-27 05:02:52,810: INFO: common]: yaml file: params.yaml loaded successfully
[2022-06-27 05:02:52,810: INFO: common]: created directory at: artifacts\prepated
[2022-06-27 05:03:02,041: INFO: stage_01_prepare_data]: >>>>> stage Prepare_data completed!<<<<<

